[0.011s] Invoking command in '/home/lzy/ros2_study/series_wheel_legged-robot/series_wheel_legged_robot_ws/build/lqr_effort_controller': CMAKE_PREFIX_PATH=/opt/ros/humble /usr/bin/cmake --build /home/lzy/ros2_study/series_wheel_legged-robot/series_wheel_legged_robot_ws/build/lqr_effort_controller -- -j8 -l8
[0.050s] -- Found ament_cmake: 1.3.11 (/opt/ros/humble/share/ament_cmake/cmake)
[0.198s] -- Found generate_parameter_library: 0.4.0 (/opt/ros/humble/share/generate_parameter_library/cmake)
[0.199s] -- Found parameter_traits: 0.4.0 (/opt/ros/humble/share/parameter_traits/cmake)
[0.241s] -- Found rosidl_generator_c: 3.1.6 (/opt/ros/humble/share/rosidl_generator_c/cmake)
[0.244s] -- Found rosidl_adapter: 3.1.6 (/opt/ros/humble/share/rosidl_adapter/cmake)
[0.253s] -- Found rosidl_generator_cpp: 3.1.6 (/opt/ros/humble/share/rosidl_generator_cpp/cmake)
[0.264s] -- Using all available rosidl_typesupport_c: rosidl_typesupport_fastrtps_c;rosidl_typesupport_introspection_c
[0.280s] -- Using all available rosidl_typesupport_cpp: rosidl_typesupport_fastrtps_cpp;rosidl_typesupport_introspection_cpp
[0.325s] -- Found rmw_implementation_cmake: 6.1.2 (/opt/ros/humble/share/rmw_implementation_cmake/cmake)
[0.329s] -- Found rmw_fastrtps_cpp: 6.2.7 (/opt/ros/humble/share/rmw_fastrtps_cpp/cmake)
[0.441s] -- Using RMW implementation 'rmw_fastrtps_cpp' as default
[0.523s] -- Found rclcpp_lifecycle: 16.0.12 (/opt/ros/humble/share/rclcpp_lifecycle/cmake)
[0.553s] -- Found ament_cmake_gmock: 1.3.11 (/opt/ros/humble/share/ament_cmake_gmock/cmake)
[0.554s] -- Found controller_manager: 2.50.0 (/opt/ros/humble/share/controller_manager/cmake)
[0.748s] -- Found ros2_control_test_assets: 2.50.0 (/opt/ros/humble/share/ros2_control_test_assets/cmake)
[0.762s] -- Found tf2: 0.25.12 (/opt/ros/humble/share/tf2/cmake)
[0.775s] -- Found tf2_geometry_msgs: 0.25.12 (/opt/ros/humble/share/tf2_geometry_msgs/cmake)
[0.801s] -- Found eigen3_cmake_module: 0.1.1 (/opt/ros/humble/share/eigen3_cmake_module/cmake)
[0.805s] -- Found Eigen3: TRUE (found version "3.4.0") 
[0.805s] -- Ensuring Eigen3 include directory is part of orocos-kdl CMake target
[0.917s] -- Found std_srvs: 4.8.0 (/opt/ros/humble/share/std_srvs/cmake)
[1.051s] -- Configuring done
[1.084s] -- Generating done
[1.093s] -- Build files have been written to: /home/lzy/ros2_study/series_wheel_legged-robot/series_wheel_legged_robot_ws/build/lqr_effort_controller
[1.135s] [ 50%] Built target lqr_effort_controller_parameters
[1.145s] [35m[1mConsolidate compiler generated dependencies of target lqr_effort_controller[0m
[1.167s] [ 75%] [32mBuilding CXX object CMakeFiles/lqr_effort_controller.dir/src/lqr_effort_controller.cpp.o[0m
[4.249s] In file included from [01m[K/home/lzy/ros2_study/series_wheel_legged-robot/series_wheel_legged_robot_ws/lqr_effort_controller/include/lqr_effort_controller/lqr_effort_controller.hpp:28[m[K,
[4.249s]                  from [01m[K/home/lzy/ros2_study/series_wheel_legged-robot/series_wheel_legged_robot_ws/lqr_effort_controller/src/lqr_effort_controller.cpp:20[m[K:
[4.249s] [01m[K/home/lzy/ros2_study/series_wheel_legged-robot/series_wheel_legged_robot_ws/build/lqr_effort_controller/include/lqr_effort_controller_parameters.hpp:1:166:[m[K [01;36m[Knote: [m[Kâ€˜[01m[K#pragma message: #include "lqr_effort_controller_parameters.hpp" is deprecated. Use #include <lqr_effort_controller/lqr_effort_controller_parameters.hpp> instead.[m[Kâ€™
[4.249s]     1 | essage("#include \"lqr_effort_controller_parameters.hpp\" is deprecated. Use #include <lqr_effort_controller/lqr_effort_controller_parameters.hpp> instead."[01;36m[K)[m[K
[4.249s]       |                                                                                                                                                             [01;36m[K^[m[K
[4.249s] 
[4.333s] In file included from [01m[K/home/lzy/ros2_study/series_wheel_legged-robot/series_wheel_legged_robot_ws/build/lqr_effort_controller/include/lqr_effort_controller_parameters.hpp:31[m[K,
[4.333s]                  from [01m[K/home/lzy/ros2_study/series_wheel_legged-robot/series_wheel_legged_robot_ws/lqr_effort_controller/include/lqr_effort_controller/lqr_effort_controller.hpp:28[m[K,
[4.333s]                  from [01m[K/home/lzy/ros2_study/series_wheel_legged-robot/series_wheel_legged_robot_ws/lqr_effort_controller/src/lqr_effort_controller.cpp:20[m[K:
[4.333s] [01m[K/home/lzy/ros2_study/series_wheel_legged-robot/series_wheel_legged_robot_ws/build/lqr_effort_controller/include/validate_lqr_effort_controller_parameters.hpp:29:75:[m[K [01;35m[Kwarning: [m[Kâ€˜[01m[Kusing Result = class tl::expected<void, std::__cxx11::basic_string<char> >[m[Kâ€™ is deprecated: Use tl::expected<void, std::string> for return instead. `#include <tl_expected/expected.hpp>`. [[01;35m[K]8;;https://gcc.gnu.org/onlinedocs/gcc/Warning-Options.html#index-Wdeprecated-declarations-Wdeprecated-declarations]8;;[m[K]
[4.333s]    29 | Result forbidden_interface_name_prefix(rclcpp::Parameter const & parameter[01;35m[K)[m[K
[4.333s]       |                                                                           [01;35m[K^[m[K
[4.333s] In file included from [01m[K/home/lzy/ros2_study/series_wheel_legged-robot/series_wheel_legged_robot_ws/build/lqr_effort_controller/include/lqr_effort_controller_parameters.hpp:25[m[K,
[4.334s]                  from [01m[K/home/lzy/ros2_study/series_wheel_legged-robot/series_wheel_legged_robot_ws/lqr_effort_controller/include/lqr_effort_controller/lqr_effort_controller.hpp:28[m[K,
[4.334s]                  from [01m[K/home/lzy/ros2_study/series_wheel_legged-robot/series_wheel_legged_robot_ws/lqr_effort_controller/src/lqr_effort_controller.cpp:20[m[K:
[4.334s] [01m[K/opt/ros/humble/include/parameter_traits/parameter_traits/parameter_traits.hpp:37:7:[m[K [01;36m[Knote: [m[Kdeclared here
[4.334s]    37 | using [01;36m[KResult[m[K
[4.334s]       |       [01;36m[K^~~~~~[m[K
[4.334s] In file included from [01m[K/home/lzy/ros2_study/series_wheel_legged-robot/series_wheel_legged_robot_ws/build/lqr_effort_controller/include/lqr_effort_controller_parameters.hpp:31[m[K,
[4.334s]                  from [01m[K/home/lzy/ros2_study/series_wheel_legged-robot/series_wheel_legged_robot_ws/lqr_effort_controller/include/lqr_effort_controller/lqr_effort_controller.hpp:28[m[K,
[4.334s]                  from [01m[K/home/lzy/ros2_study/series_wheel_legged-robot/series_wheel_legged_robot_ws/lqr_effort_controller/src/lqr_effort_controller.cpp:20[m[K:
[4.334s] [01m[K/home/lzy/ros2_study/series_wheel_legged-robot/series_wheel_legged_robot_ws/build/lqr_effort_controller/include/validate_lqr_effort_controller_parameters.hpp:[m[K In function â€˜[01m[Kparameter_traits::Result parameter_traits::forbidden_interface_name_prefix(const rclcpp::Parameter&)[m[Kâ€™:
[4.334s] [01m[K/home/lzy/ros2_study/series_wheel_legged-robot/series_wheel_legged_robot_ws/build/lqr_effort_controller/include/validate_lqr_effort_controller_parameters.hpp:35:17:[m[K [01;35m[Kwarning: [m[Kâ€˜[01m[Ktl::expected<void, std::__cxx11::basic_string<char> > parameter_traits::ERROR(const string&, Args ...) [with Args = {}; std::string = std::__cxx11::basic_string<char>][m[Kâ€™ is deprecated: When returning tl::expected<void, std::string> you can call fmt::format directly. [[01;35m[K]8;;https://gcc.gnu.org/onlinedocs/gcc/Warning-Options.html#index-Wdeprecated-declarations-Wdeprecated-declarations]8;;[m[K]
[4.334s]    35 |     return [01;35m[KERROR("'interface_name' parameter can not start with 'blup_'")[m[K;
[4.335s]       |            [01;35m[K~~~~~^~~~~~~~~~~~~~~~~~~~~~~~~~~~~~~~~~~~~~~~~~~~~~~~~~~~~~~~~[m[K
[4.335s] In file included from [01m[K/home/lzy/ros2_study/series_wheel_legged-robot/series_wheel_legged_robot_ws/build/lqr_effort_controller/include/lqr_effort_controller_parameters.hpp:25[m[K,
[4.335s]                  from [01m[K/home/lzy/ros2_study/series_wheel_legged-robot/series_wheel_legged_robot_ws/lqr_effort_controller/include/lqr_effort_controller/lqr_effort_controller.hpp:28[m[K,
[4.335s]                  from [01m[K/home/lzy/ros2_study/series_wheel_legged-robot/series_wheel_legged_robot_ws/lqr_effort_controller/src/lqr_effort_controller.cpp:20[m[K:
[4.335s] [01m[K/opt/ros/humble/include/parameter_traits/parameter_traits/parameter_traits.hpp:46:1:[m[K [01;36m[Knote: [m[Kdeclared here
[4.335s]    46 | [01;36m[KERROR[m[K(const std::string& format, Args... args)
[4.335s]       | [01;36m[K^~~~~[m[K
[4.335s] In file included from [01m[K/home/lzy/ros2_study/series_wheel_legged-robot/series_wheel_legged_robot_ws/build/lqr_effort_controller/include/lqr_effort_controller_parameters.hpp:31[m[K,
[4.335s]                  from [01m[K/home/lzy/ros2_study/series_wheel_legged-robot/series_wheel_legged_robot_ws/lqr_effort_controller/include/lqr_effort_controller/lqr_effort_controller.hpp:28[m[K,
[4.335s]                  from [01m[K/home/lzy/ros2_study/series_wheel_legged-robot/series_wheel_legged_robot_ws/lqr_effort_controller/src/lqr_effort_controller.cpp:20[m[K:
[4.335s] [01m[K/home/lzy/ros2_study/series_wheel_legged-robot/series_wheel_legged_robot_ws/build/lqr_effort_controller/include/validate_lqr_effort_controller_parameters.hpp:38:10:[m[K [01;35m[Kwarning: [m[Kâ€˜[01m[Kparameter_traits::OK[m[Kâ€™ is deprecated: When returning tl::expected<void, std::string> default construct for OK with `{}`. [[01;35m[K]8;;https://gcc.gnu.org/onlinedocs/gcc/Warning-Options.html#index-Wdeprecated-declarations-Wdeprecated-declarations]8;;[m[K]
[4.335s]    38 |   return [01;35m[KOK[m[K;
[4.335s]       |          [01;35m[K^~[m[K
[4.335s] In file included from [01m[K/home/lzy/ros2_study/series_wheel_legged-robot/series_wheel_legged_robot_ws/build/lqr_effort_controller/include/lqr_effort_controller_parameters.hpp:25[m[K,
[4.336s]                  from [01m[K/home/lzy/ros2_study/series_wheel_legged-robot/series_wheel_legged_robot_ws/lqr_effort_controller/include/lqr_effort_controller/lqr_effort_controller.hpp:28[m[K,
[4.336s]                  from [01m[K/home/lzy/ros2_study/series_wheel_legged-robot/series_wheel_legged_robot_ws/lqr_effort_controller/src/lqr_effort_controller.cpp:20[m[K:
[4.336s] [01m[K/opt/ros/humble/include/parameter_traits/parameter_traits/parameter_traits.hpp:51:13:[m[K [01;36m[Knote: [m[Kdeclared here
[4.336s]    51 | auto static [01;36m[KOK[m[K
[4.336s]       |             [01;36m[K^~[m[K
[4.357s] In file included from [01m[K/home/lzy/ros2_study/series_wheel_legged-robot/series_wheel_legged_robot_ws/lqr_effort_controller/include/lqr_effort_controller/lqr_effort_controller.hpp:32[m[K,
[4.358s]                  from [01m[K/home/lzy/ros2_study/series_wheel_legged-robot/series_wheel_legged_robot_ws/lqr_effort_controller/src/lqr_effort_controller.cpp:20[m[K:
[4.358s] [01m[K/opt/ros/humble/include/realtime_tools/realtime_tools/realtime_buffer.h:[m[K At global scope:
[4.358s] [01m[K/opt/ros/humble/include/realtime_tools/realtime_tools/realtime_buffer.h:22:100:[m[K [01;36m[Knote: [m[Kâ€˜[01m[K#pragma message: This header include is deprecated. Please update your code to use 'realtime_buffer.hpp' header.[m[Kâ€™
[4.358s]    22 |   "This header include is deprecated. Please update your code to use 'realtime_buffer.hpp' header."[01;36m[K)[m[K  //NOLINT
[4.358s]       |                                                                                                    [01;36m[K^[m[K
[4.358s] In file included from [01m[K/home/lzy/ros2_study/series_wheel_legged-robot/series_wheel_legged_robot_ws/lqr_effort_controller/include/lqr_effort_controller/lqr_effort_controller.hpp:33[m[K,
[4.358s]                  from [01m[K/home/lzy/ros2_study/series_wheel_legged-robot/series_wheel_legged_robot_ws/lqr_effort_controller/src/lqr_effort_controller.cpp:20[m[K:
[4.358s] [01m[K/opt/ros/humble/include/realtime_tools/realtime_tools/realtime_publisher.h:22:103:[m[K [01;36m[Knote: [m[Kâ€˜[01m[K#pragma message: This header include is deprecated. Please update your code to use 'realtime_publisher.hpp' header.[m[Kâ€™
[4.359s]    22 |   "This header include is deprecated. Please update your code to use 'realtime_publisher.hpp' header."[01;36m[K)[m[K  //NOLINT
[4.359s]       |                                                                                                       [01;36m[K^[m[K
[4.622s] [01m[K/home/lzy/ros2_study/series_wheel_legged-robot/series_wheel_legged_robot_ws/lqr_effort_controller/src/lqr_effort_controller.cpp:[m[K In member function â€˜[01m[Kvirtual controller_interface::CallbackReturn lqr_effort_controller::LqrEffortController::on_configure(const rclcpp_lifecycle::State&)[m[Kâ€™:
[4.622s] [01m[K/home/lzy/ros2_study/series_wheel_legged-robot/series_wheel_legged_robot_ws/lqr_effort_controller/src/lqr_effort_controller.cpp:115:16:[m[K [01;31m[Kerror: [m[Kâ€˜[01m[KLqrController[m[Kâ€™ has not been declared
[4.622s]   115 |     std::bind(&[01;31m[KLqrController[m[K::imu_callback, this, std::placeholders::_1));
[4.622s]       |                [01;31m[K^~~~~~~~~~~~~[m[K
[4.622s] [01m[K/home/lzy/ros2_study/series_wheel_legged-robot/series_wheel_legged_robot_ws/lqr_effort_controller/src/lqr_effort_controller.cpp:119:16:[m[K [01;31m[Kerror: [m[Kâ€˜[01m[KLqrController[m[Kâ€™ has not been declared
[4.622s]   119 |     std::bind(&[01;31m[KLqrController[m[K::joint_states_callback, this, std::placeholders::_1));
[4.622s]       |                [01;31m[K^~~~~~~~~~~~~[m[K
[4.631s] [01m[K/home/lzy/ros2_study/series_wheel_legged-robot/series_wheel_legged_robot_ws/lqr_effort_controller/src/lqr_effort_controller.cpp:[m[K At global scope:
[4.632s] [01m[K/home/lzy/ros2_study/series_wheel_legged-robot/series_wheel_legged_robot_ws/lqr_effort_controller/src/lqr_effort_controller.cpp:184:6:[m[K [01;31m[Kerror: [m[Kâ€˜[01m[KLqrController[m[Kâ€™ has not been declared
[4.632s]   184 | void [01;31m[KLqrController[m[K::imu_callback(const std::shared_ptr<sensor_msgs::msg::Imu> msg)
[4.632s]       |      [01;31m[K^~~~~~~~~~~~~[m[K
[4.639s] [01m[K/home/lzy/ros2_study/series_wheel_legged-robot/series_wheel_legged_robot_ws/lqr_effort_controller/src/lqr_effort_controller.cpp:[m[K In function â€˜[01m[Kvoid lqr_effort_controller::imu_callback(std::shared_ptr<sensor_msgs::msg::Imu_<std::allocator<void> > >)[m[Kâ€™:
[4.639s] [01m[K/home/lzy/ros2_study/series_wheel_legged-robot/series_wheel_legged_robot_ws/lqr_effort_controller/src/lqr_effort_controller.cpp:192:3:[m[K [01;31m[Kerror: [m[Kâ€˜[01m[Keuler_roll_[m[Kâ€™ was not declared in this scope
[4.639s]   192 |   [01;31m[Keuler_roll_[m[K = roll;
[4.639s]       |   [01;31m[K^~~~~~~~~~~[m[K
[4.643s] [01m[K/home/lzy/ros2_study/series_wheel_legged-robot/series_wheel_legged_robot_ws/lqr_effort_controller/src/lqr_effort_controller.cpp:193:3:[m[K [01;31m[Kerror: [m[Kâ€˜[01m[Keuler_pitch_[m[Kâ€™ was not declared in this scope
[4.644s]   193 |   [01;31m[Keuler_pitch_[m[K = pitch;
[4.644s]       |   [01;31m[K^~~~~~~~~~~~[m[K
[4.648s] [01m[K/home/lzy/ros2_study/series_wheel_legged-robot/series_wheel_legged_robot_ws/lqr_effort_controller/src/lqr_effort_controller.cpp:194:3:[m[K [01;31m[Kerror: [m[Kâ€˜[01m[Keuler_yaw_[m[Kâ€™ was not declared in this scope
[4.648s]   194 |   [01;31m[Keuler_yaw_[m[K = yaw;
[4.648s]       |   [01;31m[K^~~~~~~~~~[m[K
[4.657s] [01m[K/home/lzy/ros2_study/series_wheel_legged-robot/series_wheel_legged_robot_ws/lqr_effort_controller/src/lqr_effort_controller.cpp:196:3:[m[K [01;31m[Kerror: [m[Kâ€˜[01m[Keuler_roll_velocity_[m[Kâ€™ was not declared in this scope
[4.657s]   196 |   [01;31m[Keuler_roll_velocity_[m[K = msg->angular_velocity.x;
[4.657s]       |   [01;31m[K^~~~~~~~~~~~~~~~~~~~[m[K
[4.666s] [01m[K/home/lzy/ros2_study/series_wheel_legged-robot/series_wheel_legged_robot_ws/lqr_effort_controller/src/lqr_effort_controller.cpp:197:3:[m[K [01;31m[Kerror: [m[Kâ€˜[01m[Keuler_pitch_velocity_[m[Kâ€™ was not declared in this scope
[4.666s]   197 |   [01;31m[Keuler_pitch_velocity_[m[K = msg->angular_velocity.y;
[4.666s]       |   [01;31m[K^~~~~~~~~~~~~~~~~~~~~[m[K
[4.674s] [01m[K/home/lzy/ros2_study/series_wheel_legged-robot/series_wheel_legged_robot_ws/lqr_effort_controller/src/lqr_effort_controller.cpp:198:3:[m[K [01;31m[Kerror: [m[Kâ€˜[01m[Keuler_yaw_velocity_[m[Kâ€™ was not declared in this scope
[4.674s]   198 |   [01;31m[Keuler_yaw_velocity_[m[K = msg->angular_velocity.z;
[4.675s]       |   [01;31m[K^~~~~~~~~~~~~~~~~~~[m[K
[4.681s] [01m[K/home/lzy/ros2_study/series_wheel_legged-robot/series_wheel_legged_robot_ws/lqr_effort_controller/src/lqr_effort_controller.cpp:200:3:[m[K [01;31m[Kerror: [m[Kâ€˜[01m[Kx_acceleration_[m[Kâ€™ was not declared in this scope
[4.681s]   200 |   [01;31m[Kx_acceleration_[m[K = msg->linear_acceleration.x;
[4.681s]       |   [01;31m[K^~~~~~~~~~~~~~~[m[K
[4.686s] [01m[K/home/lzy/ros2_study/series_wheel_legged-robot/series_wheel_legged_robot_ws/lqr_effort_controller/src/lqr_effort_controller.cpp:201:3:[m[K [01;31m[Kerror: [m[Kâ€˜[01m[Ky_acceleration_[m[Kâ€™ was not declared in this scope
[4.686s]   201 |   [01;31m[Ky_acceleration_[m[K = msg->linear_acceleration.y;
[4.686s]       |   [01;31m[K^~~~~~~~~~~~~~~[m[K
[4.692s] [01m[K/home/lzy/ros2_study/series_wheel_legged-robot/series_wheel_legged_robot_ws/lqr_effort_controller/src/lqr_effort_controller.cpp:202:3:[m[K [01;31m[Kerror: [m[Kâ€˜[01m[Kz_acceleration_[m[Kâ€™ was not declared in this scope
[4.692s]   202 |   [01;31m[Kz_acceleration_[m[K = msg->linear_acceleration.z;
[4.692s]       |   [01;31m[K^~~~~~~~~~~~~~~[m[K
[4.692s] [01m[K/home/lzy/ros2_study/series_wheel_legged-robot/series_wheel_legged_robot_ws/lqr_effort_controller/src/lqr_effort_controller.cpp:[m[K At global scope:
[4.692s] [01m[K/home/lzy/ros2_study/series_wheel_legged-robot/series_wheel_legged_robot_ws/lqr_effort_controller/src/lqr_effort_controller.cpp:205:6:[m[K [01;31m[Kerror: [m[Kâ€˜[01m[KLqrController[m[Kâ€™ has not been declared
[4.692s]   205 | void [01;31m[KLqrController[m[K::joint_states_callback(const std::shared_ptr<sensor_msgs::msg::JointState> msg)
[4.692s]       |      [01;31m[K^~~~~~~~~~~~~[m[K
[4.695s] [01m[K/home/lzy/ros2_study/series_wheel_legged-robot/series_wheel_legged_robot_ws/lqr_effort_controller/src/lqr_effort_controller.cpp:[m[K In function â€˜[01m[Kvoid lqr_effort_controller::joint_states_callback(std::shared_ptr<sensor_msgs::msg::JointState_<std::allocator<void> > >)[m[Kâ€™:
[4.695s] [01m[K/home/lzy/ros2_study/series_wheel_legged-robot/series_wheel_legged_robot_ws/lqr_effort_controller/src/lqr_effort_controller.cpp:205:95:[m[K [01;35m[Kwarning: [m[Kunused parameter â€˜[01m[Kmsg[m[Kâ€™ [[01;35m[K]8;;https://gcc.gnu.org/onlinedocs/gcc/Warning-Options.html#index-Wunused-parameter-Wunused-parameter]8;;[m[K]
[4.695s]   205 | void LqrController::joint_states_callback([01;35m[Kconst std::shared_ptr<sensor_msgs::msg::JointState> msg[m[K)
[4.695s]       |                                           [01;35m[K~~~~~~~~~~~~~~~~~~~~~~~~~~~~~~~~~~~~~~~~~~~~~~~~~~~~^~~[m[K
[4.697s] [01m[K/home/lzy/ros2_study/series_wheel_legged-robot/series_wheel_legged_robot_ws/lqr_effort_controller/src/lqr_effort_controller.cpp:[m[K In member function â€˜[01m[Kvirtual controller_interface::return_type lqr_effort_controller::LqrEffortController::update(const rclcpp::Time&, const rclcpp::Duration&)[m[Kâ€™:
[4.697s] [01m[K/home/lzy/ros2_study/series_wheel_legged-robot/series_wheel_legged_robot_ws/lqr_effort_controller/src/lqr_effort_controller.cpp:269:8:[m[K [01;35m[Kwarning: [m[Kunused variable â€˜[01m[Kcurrent_ref[m[Kâ€™ [[01;35m[K]8;;https://gcc.gnu.org/onlinedocs/gcc/Warning-Options.html#index-Wunused-variable-Wunused-variable]8;;[m[K]
[4.697s]   269 |   auto [01;35m[Kcurrent_ref[m[K = input_ref_.readFromRT();
[4.697s]       |        [01;35m[K^~~~~~~~~~~[m[K
[7.787s] gmake[2]: *** [CMakeFiles/lqr_effort_controller.dir/build.make:76ï¼šCMakeFiles/lqr_effort_controller.dir/src/lqr_effort_controller.cpp.o] é”™è¯¯ 1
[7.787s] gmake[1]: *** [CMakeFiles/Makefile2:165ï¼šCMakeFiles/lqr_effort_controller.dir/all] é”™è¯¯ 2
[7.787s] gmake: *** [Makefile:146ï¼šall] é”™è¯¯ 2
[7.792s] Invoked command in '/home/lzy/ros2_study/series_wheel_legged-robot/series_wheel_legged_robot_ws/build/lqr_effort_controller' returned '2': CMAKE_PREFIX_PATH=/opt/ros/humble /usr/bin/cmake --build /home/lzy/ros2_study/series_wheel_legged-robot/series_wheel_legged_robot_ws/build/lqr_effort_controller -- -j8 -l8
