[0.014s] Invoking command in '/home/lzy/ros2_study/series_wheel_legged-robot/series_wheel_legged_robot_ws/build/lqr_effort_controller': CMAKE_PREFIX_PATH=/opt/ros/humble /usr/bin/cmake --build /home/lzy/ros2_study/series_wheel_legged-robot/series_wheel_legged_robot_ws/build/lqr_effort_controller -- -j8 -l8
[0.072s] [ 50%] Built target lqr_effort_controller_parameters
[0.099s] [ 75%] [32mBuilding CXX object CMakeFiles/lqr_effort_controller.dir/src/lqr_effort_controller.cpp.o[0m
[3.006s] In file included from [01m[K/home/lzy/ros2_study/series_wheel_legged-robot/series_wheel_legged_robot_ws/lqr_effort_controller/include/lqr_effort_controller/lqr_effort_controller.hpp:28[m[K,
[3.007s]                  from [01m[K/home/lzy/ros2_study/series_wheel_legged-robot/series_wheel_legged_robot_ws/lqr_effort_controller/src/lqr_effort_controller.cpp:20[m[K:
[3.007s] [01m[K/home/lzy/ros2_study/series_wheel_legged-robot/series_wheel_legged_robot_ws/build/lqr_effort_controller/include/lqr_effort_controller_parameters.hpp:1:166:[m[K [01;36m[Knote: [m[Kâ€˜[01m[K#pragma message: #include "lqr_effort_controller_parameters.hpp" is deprecated. Use #include <lqr_effort_controller/lqr_effort_controller_parameters.hpp> instead.[m[Kâ€™
[3.007s]     1 | essage("#include \"lqr_effort_controller_parameters.hpp\" is deprecated. Use #include <lqr_effort_controller/lqr_effort_controller_parameters.hpp> instead."[01;36m[K)[m[K
[3.007s]       |                                                                                                                                                             [01;36m[K^[m[K
[3.007s] 
[3.104s] In file included from [01m[K/home/lzy/ros2_study/series_wheel_legged-robot/series_wheel_legged_robot_ws/build/lqr_effort_controller/include/lqr_effort_controller_parameters.hpp:31[m[K,
[3.104s]                  from [01m[K/home/lzy/ros2_study/series_wheel_legged-robot/series_wheel_legged_robot_ws/lqr_effort_controller/include/lqr_effort_controller/lqr_effort_controller.hpp:28[m[K,
[3.104s]                  from [01m[K/home/lzy/ros2_study/series_wheel_legged-robot/series_wheel_legged_robot_ws/lqr_effort_controller/src/lqr_effort_controller.cpp:20[m[K:
[3.104s] [01m[K/home/lzy/ros2_study/series_wheel_legged-robot/series_wheel_legged_robot_ws/build/lqr_effort_controller/include/validate_lqr_effort_controller_parameters.hpp:29:75:[m[K [01;35m[Kwarning: [m[Kâ€˜[01m[Kusing Result = class tl::expected<void, std::__cxx11::basic_string<char> >[m[Kâ€™ is deprecated: Use tl::expected<void, std::string> for return instead. `#include <tl_expected/expected.hpp>`. [[01;35m[K]8;;https://gcc.gnu.org/onlinedocs/gcc/Warning-Options.html#index-Wdeprecated-declarations-Wdeprecated-declarations]8;;[m[K]
[3.104s]    29 | Result forbidden_interface_name_prefix(rclcpp::Parameter const & parameter[01;35m[K)[m[K
[3.104s]       |                                                                           [01;35m[K^[m[K
[3.105s] In file included from [01m[K/home/lzy/ros2_study/series_wheel_legged-robot/series_wheel_legged_robot_ws/build/lqr_effort_controller/include/lqr_effort_controller_parameters.hpp:25[m[K,
[3.105s]                  from [01m[K/home/lzy/ros2_study/series_wheel_legged-robot/series_wheel_legged_robot_ws/lqr_effort_controller/include/lqr_effort_controller/lqr_effort_controller.hpp:28[m[K,
[3.105s]                  from [01m[K/home/lzy/ros2_study/series_wheel_legged-robot/series_wheel_legged_robot_ws/lqr_effort_controller/src/lqr_effort_controller.cpp:20[m[K:
[3.105s] [01m[K/opt/ros/humble/include/parameter_traits/parameter_traits/parameter_traits.hpp:37:7:[m[K [01;36m[Knote: [m[Kdeclared here
[3.105s]    37 | using [01;36m[KResult[m[K
[3.105s]       |       [01;36m[K^~~~~~[m[K
[3.105s] In file included from [01m[K/home/lzy/ros2_study/series_wheel_legged-robot/series_wheel_legged_robot_ws/build/lqr_effort_controller/include/lqr_effort_controller_parameters.hpp:31[m[K,
[3.105s]                  from [01m[K/home/lzy/ros2_study/series_wheel_legged-robot/series_wheel_legged_robot_ws/lqr_effort_controller/include/lqr_effort_controller/lqr_effort_controller.hpp:28[m[K,
[3.105s]                  from [01m[K/home/lzy/ros2_study/series_wheel_legged-robot/series_wheel_legged_robot_ws/lqr_effort_controller/src/lqr_effort_controller.cpp:20[m[K:
[3.105s] [01m[K/home/lzy/ros2_study/series_wheel_legged-robot/series_wheel_legged_robot_ws/build/lqr_effort_controller/include/validate_lqr_effort_controller_parameters.hpp:[m[K In function â€˜[01m[Kparameter_traits::Result parameter_traits::forbidden_interface_name_prefix(const rclcpp::Parameter&)[m[Kâ€™:
[3.105s] [01m[K/home/lzy/ros2_study/series_wheel_legged-robot/series_wheel_legged_robot_ws/build/lqr_effort_controller/include/validate_lqr_effort_controller_parameters.hpp:35:17:[m[K [01;35m[Kwarning: [m[Kâ€˜[01m[Ktl::expected<void, std::__cxx11::basic_string<char> > parameter_traits::ERROR(const string&, Args ...) [with Args = {}; std::string = std::__cxx11::basic_string<char>][m[Kâ€™ is deprecated: When returning tl::expected<void, std::string> you can call fmt::format directly. [[01;35m[K]8;;https://gcc.gnu.org/onlinedocs/gcc/Warning-Options.html#index-Wdeprecated-declarations-Wdeprecated-declarations]8;;[m[K]
[3.105s]    35 |     return [01;35m[KERROR("'interface_name' parameter can not start with 'blup_'")[m[K;
[3.105s]       |            [01;35m[K~~~~~^~~~~~~~~~~~~~~~~~~~~~~~~~~~~~~~~~~~~~~~~~~~~~~~~~~~~~~~~[m[K
[3.105s] In file included from [01m[K/home/lzy/ros2_study/series_wheel_legged-robot/series_wheel_legged_robot_ws/build/lqr_effort_controller/include/lqr_effort_controller_parameters.hpp:25[m[K,
[3.105s]                  from [01m[K/home/lzy/ros2_study/series_wheel_legged-robot/series_wheel_legged_robot_ws/lqr_effort_controller/include/lqr_effort_controller/lqr_effort_controller.hpp:28[m[K,
[3.105s]                  from [01m[K/home/lzy/ros2_study/series_wheel_legged-robot/series_wheel_legged_robot_ws/lqr_effort_controller/src/lqr_effort_controller.cpp:20[m[K:
[3.105s] [01m[K/opt/ros/humble/include/parameter_traits/parameter_traits/parameter_traits.hpp:46:1:[m[K [01;36m[Knote: [m[Kdeclared here
[3.105s]    46 | [01;36m[KERROR[m[K(const std::string& format, Args... args)
[3.105s]       | [01;36m[K^~~~~[m[K
[3.106s] In file included from [01m[K/home/lzy/ros2_study/series_wheel_legged-robot/series_wheel_legged_robot_ws/build/lqr_effort_controller/include/lqr_effort_controller_parameters.hpp:31[m[K,
[3.106s]                  from [01m[K/home/lzy/ros2_study/series_wheel_legged-robot/series_wheel_legged_robot_ws/lqr_effort_controller/include/lqr_effort_controller/lqr_effort_controller.hpp:28[m[K,
[3.106s]                  from [01m[K/home/lzy/ros2_study/series_wheel_legged-robot/series_wheel_legged_robot_ws/lqr_effort_controller/src/lqr_effort_controller.cpp:20[m[K:
[3.106s] [01m[K/home/lzy/ros2_study/series_wheel_legged-robot/series_wheel_legged_robot_ws/build/lqr_effort_controller/include/validate_lqr_effort_controller_parameters.hpp:38:10:[m[K [01;35m[Kwarning: [m[Kâ€˜[01m[Kparameter_traits::OK[m[Kâ€™ is deprecated: When returning tl::expected<void, std::string> default construct for OK with `{}`. [[01;35m[K]8;;https://gcc.gnu.org/onlinedocs/gcc/Warning-Options.html#index-Wdeprecated-declarations-Wdeprecated-declarations]8;;[m[K]
[3.106s]    38 |   return [01;35m[KOK[m[K;
[3.106s]       |          [01;35m[K^~[m[K
[3.106s] In file included from [01m[K/home/lzy/ros2_study/series_wheel_legged-robot/series_wheel_legged_robot_ws/build/lqr_effort_controller/include/lqr_effort_controller_parameters.hpp:25[m[K,
[3.106s]                  from [01m[K/home/lzy/ros2_study/series_wheel_legged-robot/series_wheel_legged_robot_ws/lqr_effort_controller/include/lqr_effort_controller/lqr_effort_controller.hpp:28[m[K,
[3.106s]                  from [01m[K/home/lzy/ros2_study/series_wheel_legged-robot/series_wheel_legged_robot_ws/lqr_effort_controller/src/lqr_effort_controller.cpp:20[m[K:
[3.106s] [01m[K/opt/ros/humble/include/parameter_traits/parameter_traits/parameter_traits.hpp:51:13:[m[K [01;36m[Knote: [m[Kdeclared here
[3.106s]    51 | auto static [01;36m[KOK[m[K
[3.106s]       |             [01;36m[K^~[m[K
[3.132s] In file included from [01m[K/home/lzy/ros2_study/series_wheel_legged-robot/series_wheel_legged_robot_ws/lqr_effort_controller/include/lqr_effort_controller/lqr_effort_controller.hpp:32[m[K,
[3.132s]                  from [01m[K/home/lzy/ros2_study/series_wheel_legged-robot/series_wheel_legged_robot_ws/lqr_effort_controller/src/lqr_effort_controller.cpp:20[m[K:
[3.132s] [01m[K/opt/ros/humble/include/realtime_tools/realtime_tools/realtime_buffer.h:[m[K At global scope:
[3.132s] [01m[K/opt/ros/humble/include/realtime_tools/realtime_tools/realtime_buffer.h:22:100:[m[K [01;36m[Knote: [m[Kâ€˜[01m[K#pragma message: This header include is deprecated. Please update your code to use 'realtime_buffer.hpp' header.[m[Kâ€™
[3.132s]    22 |   "This header include is deprecated. Please update your code to use 'realtime_buffer.hpp' header."[01;36m[K)[m[K  //NOLINT
[3.132s]       |                                                                                                    [01;36m[K^[m[K
[3.132s] In file included from [01m[K/home/lzy/ros2_study/series_wheel_legged-robot/series_wheel_legged_robot_ws/lqr_effort_controller/include/lqr_effort_controller/lqr_effort_controller.hpp:33[m[K,
[3.133s]                  from [01m[K/home/lzy/ros2_study/series_wheel_legged-robot/series_wheel_legged_robot_ws/lqr_effort_controller/src/lqr_effort_controller.cpp:20[m[K:
[3.133s] [01m[K/opt/ros/humble/include/realtime_tools/realtime_tools/realtime_publisher.h:22:103:[m[K [01;36m[Knote: [m[Kâ€˜[01m[K#pragma message: This header include is deprecated. Please update your code to use 'realtime_publisher.hpp' header.[m[Kâ€™
[3.133s]    22 |   "This header include is deprecated. Please update your code to use 'realtime_publisher.hpp' header."[01;36m[K)[m[K  //NOLINT
[3.133s]       |                                                                                                       [01;36m[K^[m[K
[3.220s] In file included from [01m[K/home/lzy/ros2_study/series_wheel_legged-robot/series_wheel_legged_robot_ws/lqr_effort_controller/src/lqr_effort_controller.cpp:20[m[K:
[3.220s] [01m[K/home/lzy/ros2_study/series_wheel_legged-robot/series_wheel_legged_robot_ws/lqr_effort_controller/include/lqr_effort_controller/lqr_effort_controller.hpp:60:8:[m[K [01;31m[Kerror: [m[Ktwo or more data types in declaration of â€˜[01m[Krad2angle[m[Kâ€™
[3.220s]    60 | static [01;31m[Kfloat[m[K float rad2angle = 180/PI;
[3.220s]       |        [01;31m[K^~~~~[m[K
[3.475s] [01m[K/home/lzy/ros2_study/series_wheel_legged-robot/series_wheel_legged_robot_ws/lqr_effort_controller/src/lqr_effort_controller.cpp:[m[K In member function â€˜[01m[Kvirtual controller_interface::return_type lqr_effort_controller::LqrEffortController::update(const rclcpp::Time&, const rclcpp::Duration&)[m[Kâ€™:
[3.475s] [01m[K/home/lzy/ros2_study/series_wheel_legged-robot/series_wheel_legged_robot_ws/lqr_effort_controller/src/lqr_effort_controller.cpp:278:8:[m[K [01;35m[Kwarning: [m[Kunused variable â€˜[01m[Kcurrent_ref[m[Kâ€™ [[01;35m[K]8;;https://gcc.gnu.org/onlinedocs/gcc/Warning-Options.html#index-Wunused-variable-Wunused-variable]8;;[m[K]
[3.475s]   278 |   auto [01;35m[Kcurrent_ref[m[K = input_ref_.readFromRT();
[3.475s]       |        [01;35m[K^~~~~~~~~~~[m[K
[9.645s] gmake[2]: *** [CMakeFiles/lqr_effort_controller.dir/build.make:76ï¼šCMakeFiles/lqr_effort_controller.dir/src/lqr_effort_controller.cpp.o] é”™è¯¯ 1
[9.645s] gmake[1]: *** [CMakeFiles/Makefile2:165ï¼šCMakeFiles/lqr_effort_controller.dir/all] é”™è¯¯ 2
[9.646s] gmake: *** [Makefile:146ï¼šall] é”™è¯¯ 2
[9.662s] Invoked command in '/home/lzy/ros2_study/series_wheel_legged-robot/series_wheel_legged_robot_ws/build/lqr_effort_controller' returned '2': CMAKE_PREFIX_PATH=/opt/ros/humble /usr/bin/cmake --build /home/lzy/ros2_study/series_wheel_legged-robot/series_wheel_legged_robot_ws/build/lqr_effort_controller -- -j8 -l8
