[0.018s] Invoking command in '/home/lzy/ros2_study/series_wheel_legged-robot/series_wheel_legged_robot_ws/build/lqr_effort_controller': CMAKE_PREFIX_PATH=/opt/ros/humble /usr/bin/cmake --build /home/lzy/ros2_study/series_wheel_legged-robot/series_wheel_legged_robot_ws/build/lqr_effort_controller -- -j8 -l8
[0.088s] [ 50%] Built target lqr_effort_controller_parameters
[0.103s] [35m[1mConsolidate compiler generated dependencies of target lqr_effort_controller[0m
[0.127s] [ 75%] [32mBuilding CXX object CMakeFiles/lqr_effort_controller.dir/src/lqr_effort_controller.cpp.o[0m
[3.196s] In file included from [01m[K/home/lzy/ros2_study/series_wheel_legged-robot/series_wheel_legged_robot_ws/lqr_effort_controller/include/lqr_effort_controller/lqr_effort_controller.hpp:30[m[K,
[3.196s]                  from [01m[K/home/lzy/ros2_study/series_wheel_legged-robot/series_wheel_legged_robot_ws/lqr_effort_controller/src/lqr_effort_controller.cpp:20[m[K:
[3.196s] [01m[K/home/lzy/ros2_study/series_wheel_legged-robot/series_wheel_legged_robot_ws/build/lqr_effort_controller/include/lqr_effort_controller_parameters.hpp:1:166:[m[K [01;36m[Knote: [m[Kâ€˜[01m[K#pragma message: #include "lqr_effort_controller_parameters.hpp" is deprecated. Use #include <lqr_effort_controller/lqr_effort_controller_parameters.hpp> instead.[m[Kâ€™
[3.196s]     1 | essage("#include \"lqr_effort_controller_parameters.hpp\" is deprecated. Use #include <lqr_effort_controller/lqr_effort_controller_parameters.hpp> instead."[01;36m[K)[m[K
[3.196s]       |                                                                                                                                                             [01;36m[K^[m[K
[3.196s] 
[3.284s] In file included from [01m[K/home/lzy/ros2_study/series_wheel_legged-robot/series_wheel_legged_robot_ws/build/lqr_effort_controller/include/lqr_effort_controller_parameters.hpp:31[m[K,
[3.285s]                  from [01m[K/home/lzy/ros2_study/series_wheel_legged-robot/series_wheel_legged_robot_ws/lqr_effort_controller/include/lqr_effort_controller/lqr_effort_controller.hpp:30[m[K,
[3.285s]                  from [01m[K/home/lzy/ros2_study/series_wheel_legged-robot/series_wheel_legged_robot_ws/lqr_effort_controller/src/lqr_effort_controller.cpp:20[m[K:
[3.285s] [01m[K/home/lzy/ros2_study/series_wheel_legged-robot/series_wheel_legged_robot_ws/build/lqr_effort_controller/include/validate_lqr_effort_controller_parameters.hpp:29:75:[m[K [01;35m[Kwarning: [m[Kâ€˜[01m[Kusing Result = class tl::expected<void, std::__cxx11::basic_string<char> >[m[Kâ€™ is deprecated: Use tl::expected<void, std::string> for return instead. `#include <tl_expected/expected.hpp>`. [[01;35m[K]8;;https://gcc.gnu.org/onlinedocs/gcc/Warning-Options.html#index-Wdeprecated-declarations-Wdeprecated-declarations]8;;[m[K]
[3.285s]    29 | Result forbidden_interface_name_prefix(rclcpp::Parameter const & parameter[01;35m[K)[m[K
[3.285s]       |                                                                           [01;35m[K^[m[K
[3.285s] In file included from [01m[K/home/lzy/ros2_study/series_wheel_legged-robot/series_wheel_legged_robot_ws/build/lqr_effort_controller/include/lqr_effort_controller_parameters.hpp:25[m[K,
[3.285s]                  from [01m[K/home/lzy/ros2_study/series_wheel_legged-robot/series_wheel_legged_robot_ws/lqr_effort_controller/include/lqr_effort_controller/lqr_effort_controller.hpp:30[m[K,
[3.286s]                  from [01m[K/home/lzy/ros2_study/series_wheel_legged-robot/series_wheel_legged_robot_ws/lqr_effort_controller/src/lqr_effort_controller.cpp:20[m[K:
[3.286s] [01m[K/opt/ros/humble/include/parameter_traits/parameter_traits/parameter_traits.hpp:37:7:[m[K [01;36m[Knote: [m[Kdeclared here
[3.286s]    37 | using [01;36m[KResult[m[K
[3.286s]       |       [01;36m[K^~~~~~[m[K
[3.286s] In file included from [01m[K/home/lzy/ros2_study/series_wheel_legged-robot/series_wheel_legged_robot_ws/build/lqr_effort_controller/include/lqr_effort_controller_parameters.hpp:31[m[K,
[3.286s]                  from [01m[K/home/lzy/ros2_study/series_wheel_legged-robot/series_wheel_legged_robot_ws/lqr_effort_controller/include/lqr_effort_controller/lqr_effort_controller.hpp:30[m[K,
[3.286s]                  from [01m[K/home/lzy/ros2_study/series_wheel_legged-robot/series_wheel_legged_robot_ws/lqr_effort_controller/src/lqr_effort_controller.cpp:20[m[K:
[3.286s] [01m[K/home/lzy/ros2_study/series_wheel_legged-robot/series_wheel_legged_robot_ws/build/lqr_effort_controller/include/validate_lqr_effort_controller_parameters.hpp:[m[K In function â€˜[01m[Kparameter_traits::Result parameter_traits::forbidden_interface_name_prefix(const rclcpp::Parameter&)[m[Kâ€™:
[3.286s] [01m[K/home/lzy/ros2_study/series_wheel_legged-robot/series_wheel_legged_robot_ws/build/lqr_effort_controller/include/validate_lqr_effort_controller_parameters.hpp:35:17:[m[K [01;35m[Kwarning: [m[Kâ€˜[01m[Ktl::expected<void, std::__cxx11::basic_string<char> > parameter_traits::ERROR(const string&, Args ...) [with Args = {}; std::string = std::__cxx11::basic_string<char>][m[Kâ€™ is deprecated: When returning tl::expected<void, std::string> you can call fmt::format directly. [[01;35m[K]8;;https://gcc.gnu.org/onlinedocs/gcc/Warning-Options.html#index-Wdeprecated-declarations-Wdeprecated-declarations]8;;[m[K]
[3.286s]    35 |     return [01;35m[KERROR("'interface_name' parameter can not start with 'blup_'")[m[K;
[3.286s]       |            [01;35m[K~~~~~^~~~~~~~~~~~~~~~~~~~~~~~~~~~~~~~~~~~~~~~~~~~~~~~~~~~~~~~~[m[K
[3.287s] In file included from [01m[K/home/lzy/ros2_study/series_wheel_legged-robot/series_wheel_legged_robot_ws/build/lqr_effort_controller/include/lqr_effort_controller_parameters.hpp:25[m[K,
[3.287s]                  from [01m[K/home/lzy/ros2_study/series_wheel_legged-robot/series_wheel_legged_robot_ws/lqr_effort_controller/include/lqr_effort_controller/lqr_effort_controller.hpp:30[m[K,
[3.287s]                  from [01m[K/home/lzy/ros2_study/series_wheel_legged-robot/series_wheel_legged_robot_ws/lqr_effort_controller/src/lqr_effort_controller.cpp:20[m[K:
[3.287s] [01m[K/opt/ros/humble/include/parameter_traits/parameter_traits/parameter_traits.hpp:46:1:[m[K [01;36m[Knote: [m[Kdeclared here
[3.287s]    46 | [01;36m[KERROR[m[K(const std::string& format, Args... args)
[3.287s]       | [01;36m[K^~~~~[m[K
[3.287s] In file included from [01m[K/home/lzy/ros2_study/series_wheel_legged-robot/series_wheel_legged_robot_ws/build/lqr_effort_controller/include/lqr_effort_controller_parameters.hpp:31[m[K,
[3.287s]                  from [01m[K/home/lzy/ros2_study/series_wheel_legged-robot/series_wheel_legged_robot_ws/lqr_effort_controller/include/lqr_effort_controller/lqr_effort_controller.hpp:30[m[K,
[3.287s]                  from [01m[K/home/lzy/ros2_study/series_wheel_legged-robot/series_wheel_legged_robot_ws/lqr_effort_controller/src/lqr_effort_controller.cpp:20[m[K:
[3.287s] [01m[K/home/lzy/ros2_study/series_wheel_legged-robot/series_wheel_legged_robot_ws/build/lqr_effort_controller/include/validate_lqr_effort_controller_parameters.hpp:38:10:[m[K [01;35m[Kwarning: [m[Kâ€˜[01m[Kparameter_traits::OK[m[Kâ€™ is deprecated: When returning tl::expected<void, std::string> default construct for OK with `{}`. [[01;35m[K]8;;https://gcc.gnu.org/onlinedocs/gcc/Warning-Options.html#index-Wdeprecated-declarations-Wdeprecated-declarations]8;;[m[K]
[3.287s]    38 |   return [01;35m[KOK[m[K;
[3.287s]       |          [01;35m[K^~[m[K
[3.287s] In file included from [01m[K/home/lzy/ros2_study/series_wheel_legged-robot/series_wheel_legged_robot_ws/build/lqr_effort_controller/include/lqr_effort_controller_parameters.hpp:25[m[K,
[3.287s]                  from [01m[K/home/lzy/ros2_study/series_wheel_legged-robot/series_wheel_legged_robot_ws/lqr_effort_controller/include/lqr_effort_controller/lqr_effort_controller.hpp:30[m[K,
[3.287s]                  from [01m[K/home/lzy/ros2_study/series_wheel_legged-robot/series_wheel_legged_robot_ws/lqr_effort_controller/src/lqr_effort_controller.cpp:20[m[K:
[3.287s] [01m[K/opt/ros/humble/include/parameter_traits/parameter_traits/parameter_traits.hpp:51:13:[m[K [01;36m[Knote: [m[Kdeclared here
[3.287s]    51 | auto static [01;36m[KOK[m[K
[3.287s]       |             [01;36m[K^~[m[K
[3.312s] In file included from [01m[K/home/lzy/ros2_study/series_wheel_legged-robot/series_wheel_legged_robot_ws/lqr_effort_controller/include/lqr_effort_controller/lqr_effort_controller.hpp:34[m[K,
[3.312s]                  from [01m[K/home/lzy/ros2_study/series_wheel_legged-robot/series_wheel_legged_robot_ws/lqr_effort_controller/src/lqr_effort_controller.cpp:20[m[K:
[3.312s] [01m[K/opt/ros/humble/include/realtime_tools/realtime_tools/realtime_buffer.h:[m[K At global scope:
[3.313s] [01m[K/opt/ros/humble/include/realtime_tools/realtime_tools/realtime_buffer.h:22:100:[m[K [01;36m[Knote: [m[Kâ€˜[01m[K#pragma message: This header include is deprecated. Please update your code to use 'realtime_buffer.hpp' header.[m[Kâ€™
[3.313s]    22 |   "This header include is deprecated. Please update your code to use 'realtime_buffer.hpp' header."[01;36m[K)[m[K  //NOLINT
[3.313s]       |                                                                                                    [01;36m[K^[m[K
[3.313s] In file included from [01m[K/home/lzy/ros2_study/series_wheel_legged-robot/series_wheel_legged_robot_ws/lqr_effort_controller/include/lqr_effort_controller/lqr_effort_controller.hpp:35[m[K,
[3.313s]                  from [01m[K/home/lzy/ros2_study/series_wheel_legged-robot/series_wheel_legged_robot_ws/lqr_effort_controller/src/lqr_effort_controller.cpp:20[m[K:
[3.313s] [01m[K/opt/ros/humble/include/realtime_tools/realtime_tools/realtime_publisher.h:22:103:[m[K [01;36m[Knote: [m[Kâ€˜[01m[K#pragma message: This header include is deprecated. Please update your code to use 'realtime_publisher.hpp' header.[m[Kâ€™
[3.313s]    22 |   "This header include is deprecated. Please update your code to use 'realtime_publisher.hpp' header."[01;36m[K)[m[K  //NOLINT
[3.313s]       |                                                                                                       [01;36m[K^[m[K
[3.701s] [01m[K/home/lzy/ros2_study/series_wheel_legged-robot/series_wheel_legged_robot_ws/lqr_effort_controller/src/lqr_effort_controller.cpp:[m[K In member function â€˜[01m[Kvirtual controller_interface::return_type lqr_effort_controller::LqrEffortController::update(const rclcpp::Time&, const rclcpp::Duration&)[m[Kâ€™:
[3.701s] [01m[K/home/lzy/ros2_study/series_wheel_legged-robot/series_wheel_legged_robot_ws/lqr_effort_controller/src/lqr_effort_controller.cpp:280:4:[m[K [01;31m[Kerror: [m[Kcapture of non-variable â€˜[01m[Klqr_effort_controller::LqrEffortController::robotstate_[m[Kâ€™
[3.701s]   280 |   [[01;31m[Krobotstate_[m[K.L0, robotstate_.phi0] = L0_PHI0(robotstate_.theta0, robotstate_.theta1);
[3.701s]       |    [01;31m[K^~~~~~~~~~~[m[K
[3.701s] In file included from [01m[K/home/lzy/ros2_study/series_wheel_legged-robot/series_wheel_legged_robot_ws/lqr_effort_controller/src/lqr_effort_controller.cpp:20[m[K:
[3.702s] [01m[K/home/lzy/ros2_study/series_wheel_legged-robot/series_wheel_legged_robot_ws/lqr_effort_controller/include/lqr_effort_controller/lqr_effort_controller.hpp:169:14:[m[K [01;36m[Knote: [m[Kâ€˜[01m[Klqr_effort_controller::RobotState lqr_effort_controller::LqrEffortController::robotstate_[m[Kâ€™ declared here
[3.702s]   169 |   RobotState [01;36m[Krobotstate_[m[K;
[3.702s]       |              [01;36m[K^~~~~~~~~~~[m[K
[3.702s] [01m[K/home/lzy/ros2_study/series_wheel_legged-robot/series_wheel_legged_robot_ws/lqr_effort_controller/src/lqr_effort_controller.cpp:280:15:[m[K [01;31m[Kerror: [m[Kexpected â€˜[01m[K,[m[Kâ€™ before â€˜[01m[K.[m[Kâ€™ token
[3.702s]   280 |   [robotstate_[01;31m[K.[m[KL0, robotstate_.phi0] = L0_PHI0(robotstate_.theta0, robotstate_.theta1);
[3.702s]       |               [01;31m[K^[m[K
[3.702s]       |               [32m[K,[m[K
[3.702s] [01m[K/home/lzy/ros2_study/series_wheel_legged-robot/series_wheel_legged_robot_ws/lqr_effort_controller/src/lqr_effort_controller.cpp:280:15:[m[K [01;31m[Kerror: [m[Kexpected identifier before â€˜[01m[K.[m[Kâ€™ token
[3.702s] [01m[K/home/lzy/ros2_study/series_wheel_legged-robot/series_wheel_legged_robot_ws/lqr_effort_controller/src/lqr_effort_controller.cpp:280:18:[m[K [01;31m[Kerror: [m[Kexpected â€˜[01m[K][m[Kâ€™ before â€˜[01m[K,[m[Kâ€™ token
[3.702s]   280 |   [robotstate_.L0[01;31m[K,[m[K robotstate_.phi0] = L0_PHI0(robotstate_.theta0, robotstate_.theta1);
[3.702s]       |                  [01;31m[K^[m[K
[3.702s]       |                  [32m[K][m[K
[3.702s] [01m[K/home/lzy/ros2_study/series_wheel_legged-robot/series_wheel_legged_robot_ws/lqr_effort_controller/src/lqr_effort_controller.cpp:[m[K In lambda function:
[3.702s] [01m[K/home/lzy/ros2_study/series_wheel_legged-robot/series_wheel_legged_robot_ws/lqr_effort_controller/src/lqr_effort_controller.cpp:280:18:[m[K [01;31m[Kerror: [m[Kexpected â€˜[01m[K{[m[Kâ€™ before â€˜[01m[K,[m[Kâ€™ token
[3.702s] [01m[K/home/lzy/ros2_study/series_wheel_legged-robot/series_wheel_legged_robot_ws/lqr_effort_controller/src/lqr_effort_controller.cpp:[m[K In member function â€˜[01m[Kvirtual controller_interface::return_type lqr_effort_controller::LqrEffortController::update(const rclcpp::Time&, const rclcpp::Duration&)[m[Kâ€™:
[3.702s] [01m[K/home/lzy/ros2_study/series_wheel_legged-robot/series_wheel_legged_robot_ws/lqr_effort_controller/src/lqr_effort_controller.cpp:280:36:[m[K [01;31m[Kerror: [m[Kexpected â€˜[01m[K;[m[Kâ€™ before â€˜[01m[K][m[Kâ€™ token
[3.702s]   280 |   [robotstate_.L0, robotstate_.phi0[01;31m[K][m[K = L0_PHI0(robotstate_.theta0, robotstate_.theta1);
[3.703s]       |                                    [01;31m[K^[m[K
[3.703s]       |                                    [32m[K;[m[K
[3.703s] [01m[K/home/lzy/ros2_study/series_wheel_legged-robot/series_wheel_legged_robot_ws/lqr_effort_controller/src/lqr_effort_controller.cpp:280:32:[m[K [01;35m[Kwarning: [m[Kright operand of comma operator has no effect [[01;35m[K]8;;https://gcc.gnu.org/onlinedocs/gcc/Warning-Options.html#index-Wunused-value-Wunused-value]8;;[m[K]
[3.703s]   280 |   [robotstate_.L0, [01;35m[Krobotstate_.phi0[m[K] = L0_PHI0(robotstate_.theta0, robotstate_.theta1);
[3.703s]       |                    [01;35m[K~~~~~~~~~~~~^~~~[m[K
[3.703s] [01m[K/home/lzy/ros2_study/series_wheel_legged-robot/series_wheel_legged_robot_ws/lqr_effort_controller/src/lqr_effort_controller.cpp:278:8:[m[K [01;35m[Kwarning: [m[Kunused variable â€˜[01m[Kcurrent_ref[m[Kâ€™ [[01;35m[K]8;;https://gcc.gnu.org/onlinedocs/gcc/Warning-Options.html#index-Wunused-variable-Wunused-variable]8;;[m[K]
[3.703s]   278 |   auto [01;35m[Kcurrent_ref[m[K = input_ref_.readFromRT();
[3.703s]       |        [01;35m[K^~~~~~~~~~~[m[K
[9.894s] gmake[2]: *** [CMakeFiles/lqr_effort_controller.dir/build.make:76ï¼šCMakeFiles/lqr_effort_controller.dir/src/lqr_effort_controller.cpp.o] é”™è¯¯ 1
[9.895s] gmake[1]: *** [CMakeFiles/Makefile2:165ï¼šCMakeFiles/lqr_effort_controller.dir/all] é”™è¯¯ 2
[9.895s] gmake: *** [Makefile:146ï¼šall] é”™è¯¯ 2
[9.899s] Invoked command in '/home/lzy/ros2_study/series_wheel_legged-robot/series_wheel_legged_robot_ws/build/lqr_effort_controller' returned '2': CMAKE_PREFIX_PATH=/opt/ros/humble /usr/bin/cmake --build /home/lzy/ros2_study/series_wheel_legged-robot/series_wheel_legged_robot_ws/build/lqr_effort_controller -- -j8 -l8
