[0.015s] Invoking command in '/home/lzy/ros2_study/series_wheel_legged-robot/series_wheel_legged_robot_ws/build/lqr_effort_controller': CMAKE_PREFIX_PATH=/opt/ros/humble /usr/bin/cmake --build /home/lzy/ros2_study/series_wheel_legged-robot/series_wheel_legged_robot_ws/build/lqr_effort_controller -- -j8 -l8
[0.062s] [ 50%] Built target lqr_effort_controller_parameters
[0.094s] [ 75%] [32mBuilding CXX object CMakeFiles/lqr_effort_controller.dir/src/lqr_effort_controller.cpp.o[0m
[2.740s] In file included from [01m[K/home/lzy/ros2_study/series_wheel_legged-robot/series_wheel_legged_robot_ws/lqr_effort_controller/include/lqr_effort_controller/lqr_effort_controller.hpp:28[m[K,
[2.740s]                  from [01m[K/home/lzy/ros2_study/series_wheel_legged-robot/series_wheel_legged_robot_ws/lqr_effort_controller/src/lqr_effort_controller.cpp:20[m[K:
[2.740s] [01m[K/home/lzy/ros2_study/series_wheel_legged-robot/series_wheel_legged_robot_ws/build/lqr_effort_controller/include/lqr_effort_controller_parameters.hpp:1:166:[m[K [01;36m[Knote: [m[Kâ€˜[01m[K#pragma message: #include "lqr_effort_controller_parameters.hpp" is deprecated. Use #include <lqr_effort_controller/lqr_effort_controller_parameters.hpp> instead.[m[Kâ€™
[2.740s]     1 | essage("#include \"lqr_effort_controller_parameters.hpp\" is deprecated. Use #include <lqr_effort_controller/lqr_effort_controller_parameters.hpp> instead."[01;36m[K)[m[K
[2.740s]       |                                                                                                                                                             [01;36m[K^[m[K
[2.740s] 
[2.823s] In file included from [01m[K/home/lzy/ros2_study/series_wheel_legged-robot/series_wheel_legged_robot_ws/build/lqr_effort_controller/include/lqr_effort_controller_parameters.hpp:31[m[K,
[2.823s]                  from [01m[K/home/lzy/ros2_study/series_wheel_legged-robot/series_wheel_legged_robot_ws/lqr_effort_controller/include/lqr_effort_controller/lqr_effort_controller.hpp:28[m[K,
[2.823s]                  from [01m[K/home/lzy/ros2_study/series_wheel_legged-robot/series_wheel_legged_robot_ws/lqr_effort_controller/src/lqr_effort_controller.cpp:20[m[K:
[2.823s] [01m[K/home/lzy/ros2_study/series_wheel_legged-robot/series_wheel_legged_robot_ws/build/lqr_effort_controller/include/validate_lqr_effort_controller_parameters.hpp:29:75:[m[K [01;35m[Kwarning: [m[Kâ€˜[01m[Kusing Result = class tl::expected<void, std::__cxx11::basic_string<char> >[m[Kâ€™ is deprecated: Use tl::expected<void, std::string> for return instead. `#include <tl_expected/expected.hpp>`. [[01;35m[K]8;;https://gcc.gnu.org/onlinedocs/gcc/Warning-Options.html#index-Wdeprecated-declarations-Wdeprecated-declarations]8;;[m[K]
[2.823s]    29 | Result forbidden_interface_name_prefix(rclcpp::Parameter const & parameter[01;35m[K)[m[K
[2.823s]       |                                                                           [01;35m[K^[m[K
[2.823s] In file included from [01m[K/home/lzy/ros2_study/series_wheel_legged-robot/series_wheel_legged_robot_ws/build/lqr_effort_controller/include/lqr_effort_controller_parameters.hpp:25[m[K,
[2.823s]                  from [01m[K/home/lzy/ros2_study/series_wheel_legged-robot/series_wheel_legged_robot_ws/lqr_effort_controller/include/lqr_effort_controller/lqr_effort_controller.hpp:28[m[K,
[2.823s]                  from [01m[K/home/lzy/ros2_study/series_wheel_legged-robot/series_wheel_legged_robot_ws/lqr_effort_controller/src/lqr_effort_controller.cpp:20[m[K:
[2.823s] [01m[K/opt/ros/humble/include/parameter_traits/parameter_traits/parameter_traits.hpp:37:7:[m[K [01;36m[Knote: [m[Kdeclared here
[2.823s]    37 | using [01;36m[KResult[m[K
[2.824s]       |       [01;36m[K^~~~~~[m[K
[2.824s] In file included from [01m[K/home/lzy/ros2_study/series_wheel_legged-robot/series_wheel_legged_robot_ws/build/lqr_effort_controller/include/lqr_effort_controller_parameters.hpp:31[m[K,
[2.824s]                  from [01m[K/home/lzy/ros2_study/series_wheel_legged-robot/series_wheel_legged_robot_ws/lqr_effort_controller/include/lqr_effort_controller/lqr_effort_controller.hpp:28[m[K,
[2.824s]                  from [01m[K/home/lzy/ros2_study/series_wheel_legged-robot/series_wheel_legged_robot_ws/lqr_effort_controller/src/lqr_effort_controller.cpp:20[m[K:
[2.824s] [01m[K/home/lzy/ros2_study/series_wheel_legged-robot/series_wheel_legged_robot_ws/build/lqr_effort_controller/include/validate_lqr_effort_controller_parameters.hpp:[m[K In function â€˜[01m[Kparameter_traits::Result parameter_traits::forbidden_interface_name_prefix(const rclcpp::Parameter&)[m[Kâ€™:
[2.824s] [01m[K/home/lzy/ros2_study/series_wheel_legged-robot/series_wheel_legged_robot_ws/build/lqr_effort_controller/include/validate_lqr_effort_controller_parameters.hpp:35:17:[m[K [01;35m[Kwarning: [m[Kâ€˜[01m[Ktl::expected<void, std::__cxx11::basic_string<char> > parameter_traits::ERROR(const string&, Args ...) [with Args = {}; std::string = std::__cxx11::basic_string<char>][m[Kâ€™ is deprecated: When returning tl::expected<void, std::string> you can call fmt::format directly. [[01;35m[K]8;;https://gcc.gnu.org/onlinedocs/gcc/Warning-Options.html#index-Wdeprecated-declarations-Wdeprecated-declarations]8;;[m[K]
[2.824s]    35 |     return [01;35m[KERROR("'interface_name' parameter can not start with 'blup_'")[m[K;
[2.824s]       |            [01;35m[K~~~~~^~~~~~~~~~~~~~~~~~~~~~~~~~~~~~~~~~~~~~~~~~~~~~~~~~~~~~~~~[m[K
[2.824s] In file included from [01m[K/home/lzy/ros2_study/series_wheel_legged-robot/series_wheel_legged_robot_ws/build/lqr_effort_controller/include/lqr_effort_controller_parameters.hpp:25[m[K,
[2.824s]                  from [01m[K/home/lzy/ros2_study/series_wheel_legged-robot/series_wheel_legged_robot_ws/lqr_effort_controller/include/lqr_effort_controller/lqr_effort_controller.hpp:28[m[K,
[2.824s]                  from [01m[K/home/lzy/ros2_study/series_wheel_legged-robot/series_wheel_legged_robot_ws/lqr_effort_controller/src/lqr_effort_controller.cpp:20[m[K:
[2.824s] [01m[K/opt/ros/humble/include/parameter_traits/parameter_traits/parameter_traits.hpp:46:1:[m[K [01;36m[Knote: [m[Kdeclared here
[2.824s]    46 | [01;36m[KERROR[m[K(const std::string& format, Args... args)
[2.824s]       | [01;36m[K^~~~~[m[K
[2.824s] In file included from [01m[K/home/lzy/ros2_study/series_wheel_legged-robot/series_wheel_legged_robot_ws/build/lqr_effort_controller/include/lqr_effort_controller_parameters.hpp:31[m[K,
[2.824s]                  from [01m[K/home/lzy/ros2_study/series_wheel_legged-robot/series_wheel_legged_robot_ws/lqr_effort_controller/include/lqr_effort_controller/lqr_effort_controller.hpp:28[m[K,
[2.824s]                  from [01m[K/home/lzy/ros2_study/series_wheel_legged-robot/series_wheel_legged_robot_ws/lqr_effort_controller/src/lqr_effort_controller.cpp:20[m[K:
[2.825s] [01m[K/home/lzy/ros2_study/series_wheel_legged-robot/series_wheel_legged_robot_ws/build/lqr_effort_controller/include/validate_lqr_effort_controller_parameters.hpp:38:10:[m[K [01;35m[Kwarning: [m[Kâ€˜[01m[Kparameter_traits::OK[m[Kâ€™ is deprecated: When returning tl::expected<void, std::string> default construct for OK with `{}`. [[01;35m[K]8;;https://gcc.gnu.org/onlinedocs/gcc/Warning-Options.html#index-Wdeprecated-declarations-Wdeprecated-declarations]8;;[m[K]
[2.825s]    38 |   return [01;35m[KOK[m[K;
[2.825s]       |          [01;35m[K^~[m[K
[2.825s] In file included from [01m[K/home/lzy/ros2_study/series_wheel_legged-robot/series_wheel_legged_robot_ws/build/lqr_effort_controller/include/lqr_effort_controller_parameters.hpp:25[m[K,
[2.825s]                  from [01m[K/home/lzy/ros2_study/series_wheel_legged-robot/series_wheel_legged_robot_ws/lqr_effort_controller/include/lqr_effort_controller/lqr_effort_controller.hpp:28[m[K,
[2.825s]                  from [01m[K/home/lzy/ros2_study/series_wheel_legged-robot/series_wheel_legged_robot_ws/lqr_effort_controller/src/lqr_effort_controller.cpp:20[m[K:
[2.825s] [01m[K/opt/ros/humble/include/parameter_traits/parameter_traits/parameter_traits.hpp:51:13:[m[K [01;36m[Knote: [m[Kdeclared here
[2.825s]    51 | auto static [01;36m[KOK[m[K
[2.825s]       |             [01;36m[K^~[m[K
[2.850s] In file included from [01m[K/home/lzy/ros2_study/series_wheel_legged-robot/series_wheel_legged_robot_ws/lqr_effort_controller/include/lqr_effort_controller/lqr_effort_controller.hpp:32[m[K,
[2.850s]                  from [01m[K/home/lzy/ros2_study/series_wheel_legged-robot/series_wheel_legged_robot_ws/lqr_effort_controller/src/lqr_effort_controller.cpp:20[m[K:
[2.850s] [01m[K/opt/ros/humble/include/realtime_tools/realtime_tools/realtime_buffer.h:[m[K At global scope:
[2.850s] [01m[K/opt/ros/humble/include/realtime_tools/realtime_tools/realtime_buffer.h:22:100:[m[K [01;36m[Knote: [m[Kâ€˜[01m[K#pragma message: This header include is deprecated. Please update your code to use 'realtime_buffer.hpp' header.[m[Kâ€™
[2.850s]    22 |   "This header include is deprecated. Please update your code to use 'realtime_buffer.hpp' header."[01;36m[K)[m[K  //NOLINT
[2.850s]       |                                                                                                    [01;36m[K^[m[K
[2.851s] In file included from [01m[K/home/lzy/ros2_study/series_wheel_legged-robot/series_wheel_legged_robot_ws/lqr_effort_controller/include/lqr_effort_controller/lqr_effort_controller.hpp:33[m[K,
[2.851s]                  from [01m[K/home/lzy/ros2_study/series_wheel_legged-robot/series_wheel_legged_robot_ws/lqr_effort_controller/src/lqr_effort_controller.cpp:20[m[K:
[2.851s] [01m[K/opt/ros/humble/include/realtime_tools/realtime_tools/realtime_publisher.h:22:103:[m[K [01;36m[Knote: [m[Kâ€˜[01m[K#pragma message: This header include is deprecated. Please update your code to use 'realtime_publisher.hpp' header.[m[Kâ€™
[2.851s]    22 |   "This header include is deprecated. Please update your code to use 'realtime_publisher.hpp' header."[01;36m[K)[m[K  //NOLINT
[2.851s]       |                                                                                                       [01;36m[K^[m[K
[3.123s] In file included from [01m[K/home/lzy/ros2_study/series_wheel_legged-robot/series_wheel_legged_robot_ws/lqr_effort_controller/src/lqr_effort_controller.cpp:20[m[K:
[3.123s] [01m[K/home/lzy/ros2_study/series_wheel_legged-robot/series_wheel_legged_robot_ws/lqr_effort_controller/include/lqr_effort_controller/lqr_effort_controller.hpp:111:34:[m[K [01;31m[Kerror: [m[Kâ€˜[01m[KconLqrControllertrol_mode_type[m[Kâ€™ was not declared in this scope
[3.123s]   111 |   realtime_tools::RealtimeBuffer<[01;31m[KconLqrControllertrol_mode_type[m[K> control_mode_;
[3.123s]       |                                  [01;31m[K^~~~~~~~~~~~~~~~~~~~~~~~~~~~~~[m[K
[3.123s] [01m[K/home/lzy/ros2_study/series_wheel_legged-robot/series_wheel_legged_robot_ws/lqr_effort_controller/include/lqr_effort_controller/lqr_effort_controller.hpp:111:64:[m[K [01;31m[Kerror: [m[Ktemplate argument 1 is invalid
[3.123s]   111 |   realtime_tools::RealtimeBuffer<conLqrControllertrol_mode_type[01;31m[K>[m[K control_mode_;
[3.124s]       |                                                                [01;31m[K^[m[K
[3.144s] [01m[K/home/lzy/ros2_study/series_wheel_legged-robot/series_wheel_legged_robot_ws/lqr_effort_controller/src/lqr_effort_controller.cpp:[m[K In member function â€˜[01m[Kvirtual controller_interface::CallbackReturn lqr_effort_controller::LqrEffortController::on_init()[m[Kâ€™:
[3.144s] [01m[K/home/lzy/ros2_study/series_wheel_legged-robot/series_wheel_legged_robot_ws/lqr_effort_controller/src/lqr_effort_controller.cpp:65:17:[m[K [01;31m[Kerror: [m[Krequest for member â€˜[01m[KinitRT[m[Kâ€™ in â€˜[01m[K((lqr_effort_controller::LqrEffortController*)this)->lqr_effort_controller::LqrEffortController::control_mode_[m[Kâ€™, which is of non-class type â€˜[01m[Kint[m[Kâ€™
[3.144s]    65 |   control_mode_.[01;31m[KinitRT[m[K(control_mode_type::FAST);
[3.144s]       |                 [01;31m[K^~~~~~[m[K
[3.162s] [01m[K/home/lzy/ros2_study/series_wheel_legged-robot/series_wheel_legged_robot_ws/lqr_effort_controller/src/lqr_effort_controller.cpp:[m[K In lambda function:
[3.163s] [01m[K/home/lzy/ros2_study/series_wheel_legged-robot/series_wheel_legged_robot_ws/lqr_effort_controller/src/lqr_effort_controller.cpp:132:21:[m[K [01;31m[Kerror: [m[Krequest for member â€˜[01m[KwriteFromNonRT[m[Kâ€™ in â€˜[01m[Kthis->lqr_effort_controller::LqrEffortController::control_mode_[m[Kâ€™, which is of non-class type â€˜[01m[Kint[m[Kâ€™
[3.163s]   132 |       control_mode_.[01;31m[KwriteFromNonRT[m[K(control_mode_type::SLOW);
[3.163s]       |                     [01;31m[K^~~~~~~~~~~~~~[m[K
[3.163s] [01m[K/home/lzy/ros2_study/series_wheel_legged-robot/series_wheel_legged_robot_ws/lqr_effort_controller/src/lqr_effort_controller.cpp:136:21:[m[K [01;31m[Kerror: [m[Krequest for member â€˜[01m[KwriteFromNonRT[m[Kâ€™ in â€˜[01m[Kthis->lqr_effort_controller::LqrEffortController::control_mode_[m[Kâ€™, which is of non-class type â€˜[01m[Kint[m[Kâ€™
[3.163s]   136 |       control_mode_.[01;31m[KwriteFromNonRT[m[K(control_mode_type::FAST);
[3.163s]       |                     [01;31m[K^~~~~~~~~~~~~~[m[K
[3.174s] [01m[K/home/lzy/ros2_study/series_wheel_legged-robot/series_wheel_legged_robot_ws/lqr_effort_controller/src/lqr_effort_controller.cpp:[m[K In member function â€˜[01m[Kvoid lqr_effort_controller::LqrEffortController::joint_states_callback(std::shared_ptr<sensor_msgs::msg::JointState_<std::allocator<void> > >)[m[Kâ€™:
[3.174s] [01m[K/home/lzy/ros2_study/series_wheel_legged-robot/series_wheel_legged_robot_ws/lqr_effort_controller/src/lqr_effort_controller.cpp:205:101:[m[K [01;35m[Kwarning: [m[Kunused parameter â€˜[01m[Kmsg[m[Kâ€™ [[01;35m[K]8;;https://gcc.gnu.org/onlinedocs/gcc/Warning-Options.html#index-Wunused-parameter-Wunused-parameter]8;;[m[K]
[3.174s]   205 | void LqrEffortController::joint_states_callback([01;35m[Kconst std::shared_ptr<sensor_msgs::msg::JointState> msg[m[K)
[3.174s]       |                                                 [01;35m[K~~~~~~~~~~~~~~~~~~~~~~~~~~~~~~~~~~~~~~~~~~~~~~~~~~~~^~~[m[K
[3.176s] [01m[K/home/lzy/ros2_study/series_wheel_legged-robot/series_wheel_legged_robot_ws/lqr_effort_controller/src/lqr_effort_controller.cpp:[m[K In member function â€˜[01m[Kvirtual controller_interface::return_type lqr_effort_controller::LqrEffortController::update(const rclcpp::Time&, const rclcpp::Duration&)[m[Kâ€™:
[3.176s] [01m[K/home/lzy/ros2_study/series_wheel_legged-robot/series_wheel_legged_robot_ws/lqr_effort_controller/src/lqr_effort_controller.cpp:269:8:[m[K [01;35m[Kwarning: [m[Kunused variable â€˜[01m[Kcurrent_ref[m[Kâ€™ [[01;35m[K]8;;https://gcc.gnu.org/onlinedocs/gcc/Warning-Options.html#index-Wunused-variable-Wunused-variable]8;;[m[K]
[3.176s]   269 |   auto [01;35m[Kcurrent_ref[m[K = input_ref_.readFromRT();
[3.176s]       |        [01;35m[K^~~~~~~~~~~[m[K
[8.577s] gmake[2]: *** [CMakeFiles/lqr_effort_controller.dir/build.make:76ï¼šCMakeFiles/lqr_effort_controller.dir/src/lqr_effort_controller.cpp.o] é”™è¯¯ 1
[8.577s] gmake[1]: *** [CMakeFiles/Makefile2:165ï¼šCMakeFiles/lqr_effort_controller.dir/all] é”™è¯¯ 2
[8.578s] gmake: *** [Makefile:146ï¼šall] é”™è¯¯ 2
[8.581s] Invoked command in '/home/lzy/ros2_study/series_wheel_legged-robot/series_wheel_legged_robot_ws/build/lqr_effort_controller' returned '2': CMAKE_PREFIX_PATH=/opt/ros/humble /usr/bin/cmake --build /home/lzy/ros2_study/series_wheel_legged-robot/series_wheel_legged_robot_ws/build/lqr_effort_controller -- -j8 -l8
